================================================================================
BALANCE CALCULATION COMPARISON
================================================================================

1. BALANCE AS OF NOVEMBER 30, 2025 (Expected opening for December)
--------------------------------------------------------------------------------
   CALCULATED CASH: 34891 TK
   EXPECTED (user said): 34,891 TK
   DIFFERENCE: 0 TK

   Transaction details:
  Capital: +49811 (Initial Capital, 2025-08-01)
  Donation: +6000 (Hema Kanti Lalita Devi Dasi, 2025-11-20)
  Donation: +40 (Nakulananda Kanai Das, 2025-08-18)
  Donation: +1200 (Book Table, 2025-09-11)
  Donation: +15010 (Vani Pracaraka Seva - Sylhet Mataji Community, 2025-09-25)
  Sale: +160 (Cash, 2025-11-20)
  Sale: +300 (Cash, 2025-09-16)
  Sale: +4039 (Cash, 2025-09-20)
  DuePayment: +1800 (2025-08-20, TxID: 7AqSKxzU...)
  Expense: -300 (Unknown, 2025-09-15)
  Expense: -1800 (Unknown, 2025-08-19)
  Expense: -150 (Unknown, 2025-11-20)
  Expense: -15000 (Unknown, 2025-11-28)
  Expense: -15000 (Unknown, 2025-09-05)
  Expense: -300 (Unknown, 2025-08-20)
  Expense: -109 (Unknown, 2025-09-19)
  Expense: -120 (Unknown, 2025-08-19)
  Expense: -30 (Unknown, 2025-08-19)
  Expense: -500 (Unknown, 2025-08-20)
  Expense: -15000 (Unknown, 2025-09-25)
  Expense: -15000 (Unknown, 2025-10-27)
  Expense: -160 (Unknown, 2025-08-20)
  Transfer In: +20000 (Bank -> Cash, 2025-09-02)

2. BALANCE AS OF DECEMBER 31, 2025
--------------------------------------------------------------------------------
   CALCULATED CASH: 65191 TK
   APP SHOWS: 66,991 TK
   EXPECTED: 65,191 TK
   DIFFERENCE FROM EXPECTED: 0 TK

3. DECEMBER-ONLY CHANGES
--------------------------------------------------------------------------------
   Change from Nov 30 to Dec 31: 30300 TK
   Expected December change: +30,300 TK (160 + 47770 + 2000 - 19630)
   Difference: 0 TK

4. ROOT CAUSE ANALYSIS
--------------------------------------------------------------------------------
   November 30 balance matches. December calculation has an issue.