[CHECK] Fetching Dec 31 expense ID: BZLFj4QLKEGBgUhhwrY7
--------------------------------------------------
EXPENSE DATA START
{
  "amount": 1800,
  "name": "Dibyatanu damodara dasa",
  "paymentMethod": "Cash",
  "expenseId": "EXP-0002",
  "description": "Wifi Bill (June - December 2025)",
  "date": {
    "type": "firestore/timestamp/1.0",
    "seconds": 1767200060,
    "nanoseconds": 761000000
  }
}

Exact Date Object: Wed Dec 31 2025 22:54:20 GMT+0600 (Bangladesh Standard Time)
Exact ISO String:  2025-12-31T16:54:20.761Z
Hours: 22
Minutes: 54
--------------------------------------------------
