================================================================================
DETAILED ANALYSIS: Finding the source of 1800 TK
================================================================================

1. THE SUSPICIOUS TRANSACTION (ID: 7AqSKxzUCha1Ivq5WEET)
--------------------------------------------------------------------------------
  Full transaction data:
{
  "id": "7AqSKxzUCha1Ivq5WEET",
  "type": "Receivable",
  "paymentMethod": "Cash",
  "amount": 1800,
  "dueDate": {
    "type": "firestore/timestamp/1.0",
    "seconds": 1755669540,
    "nanoseconds": 974000000
  },
  "description": "Payment from customer",
  "customerId": "d8tgeBaqmzpcw3aDmGwG",
  "status": "Paid"
}

2. ALL TRANSACTIONS WITH 1800 TK AMOUNT
--------------------------------------------------------------------------------
  ID: 7AqSKxzUCha1Ivq5WEET
  Date: 2025-08-20
  Amount: 1800
  Type: Receivable
  Status: Paid
  Description: Payment from customer
  Payment Method: Cash
  Customer ID: d8tgeBaqmzpcw3aDmGwG
  Sale ID: N/A


3. CHECKING FOR DOUBLE-COUNTING IN SALES
--------------------------------------------------------------------------------
  No obvious double-counting found in sales with direct amount match.

4. ALL "Payment from customer" TRANSACTIONS (Paid, Cash)
--------------------------------------------------------------------------------
  Total count: 4
  Total amount: 49570 TK

  [2025-08-20] ID: 7AqSKxzUCha1Ivq5WEET, Amount: 1800, Customer: d8tgeBaqmzpcw3aDmGwG
  [2025-12-08] ID: 8q7BuT4JMq4a4liBWzrm, Amount: 400, Customer: 69ZYDVLHsNyjcPjDgTmp
  [2025-12-10] ID: YJcMS0KFJgnPXJZnWvGy, Amount: 3600, Customer: 4aLlJQnw9ILuHLk7Nm3N
  [2025-12-08] ID: iLic3tRKcqAJlTPloxxm, Amount: 43770, Customer: WaXb6pJIxc4LbLvRyArz

5. LOOKING FOR ORPHAN TRANSACTIONS (no matching sale)
--------------------------------------------------------------------------------

6. COMPARISON: Cash Sales vs Payment Transactions
--------------------------------------------------------------------------------
  Total Cash Sales: 4659 TK
  Total Payment Transactions (Cash): 49570 TK
  Combined (what account-overview adds): 54229 TK

  If both are added, there could be double-counting of 4659 TK!